Design: 06:26 p.m., Martes, 16 de Enero de 2024
Design: Opening design "C:\tools\Proyecto\Prueba2\DecoYConta\vhd\DecoYConta\DecoYConta.adf"
Compilation with file reorder...
File: C:\tools\Proyecto\Prueba2\DecoYConta\vhd\DecoYConta.vhd
Compile Entity "contador_y_decodificador"
Compile Architecture "DSMB" of Entity "contador_y_decodificador"
Top-Level unit detected
Entity  =>   contador_y_decodificador
Compile success 0 Errors 0 Warnings  Analysis time :  0.0 [s]
ELBREAD: Elaboration process.
ELBREAD: Elaboration time 0.0 [s].
ELBREAD: Elaboration process.
ELBREAD: Elaboration time 0.0 [s].
KERNEL: Main thread initiated.
KERNEL: Kernel process initialization phase.
ELAB2: Elaboration final pass...
ELAB2: Elaboration final pass complete - time: 0.0 [s].
KERNEL: Kernel process initialization done.
06:26 p.m., Martes, 16 de Enero de 2024
Simulation has been initialized
Selected Top-Level: contador_y_decodificador (DSMB)
KERNEL: stopped at time: 100 ns
KERNEL: Simulation has finished. There are no more test vectors to simulate.
ELBREAD: Elaboration process.
ELBREAD: Elaboration time 0.0 [s].
KERNEL: Main thread initiated.
KERNEL: Kernel process initialization phase.
ELAB2: Elaboration final pass...
ELAB2: Elaboration final pass complete - time: 0.0 [s].
KERNEL: Kernel process initialization done.
06:27 p.m., Martes, 16 de Enero de 2024
Simulation has been initialized
Selected Top-Level: contador_y_decodificador (DSMB)
KERNEL: stopped at time: 100 ns
KERNEL: Simulation has finished. There are no more test vectors to simulate.
KERNEL: stopped at time: 200 ns
KERNEL: Simulation has finished. There are no more test vectors to simulate.
KERNEL: stopped at time: 300 ns
KERNEL: Simulation has finished. There are no more test vectors to simulate.
KERNEL: stopped at time: 400 ns
KERNEL: Simulation has finished. There are no more test vectors to simulate.
KERNEL: stopped at time: 500 ns
KERNEL: Simulation has finished. There are no more test vectors to simulate.
KERNEL: stopped at time: 600 ns
KERNEL: Simulation has finished. There are no more test vectors to simulate.
KERNEL: stopped at time: 700 ns
KERNEL: Simulation has finished. There are no more test vectors to simulate.
KERNEL: stopped at time: 800 ns
KERNEL: Simulation has finished. There are no more test vectors to simulate.
KERNEL: stopped at time: 900 ns
KERNEL: Simulation has finished. There are no more test vectors to simulate.
KERNEL: stopped at time: 1 us
KERNEL: Simulation has finished. There are no more test vectors to simulate.
KERNEL: stopped at time: 1100 ns
KERNEL: Simulation has finished. There are no more test vectors to simulate.
KERNEL: stopped at time: 1200 ns
KERNEL: Simulation has finished. There are no more test vectors to simulate.
KERNEL: stopped at time: 1300 ns
KERNEL: Simulation has finished. There are no more test vectors to simulate.
